<?xml version="1.0" encoding="UTF-8"?>
<!-- Generated by org.testng.reporters.JUnitReportReporter -->
<testsuite hostname="EC2AMAZ-S11DBRH" failures="0" tests="2" name="testScripts.SampleFourTest" time="0.006" errors="0" timestamp="2023-08-18T04:31:46 GMT" skipped="0">
  <testcase classname="testScripts.SampleFourTest" name="testOne" time="0.004"/>
  <system-out/>
  <testcase classname="testScripts.SampleFourTest" name="testTwo" time="0.002"/>
  <system-out/>
</testsuite> <!-- testScripts.SampleFourTest -->
