<?xml version="1.0" encoding="UTF-8"?>
<!-- Generated by org.testng.reporters.JUnitReportReporter -->
<testsuite hostname="EC2AMAZ-S11DBRH" failures="0" tests="1" name="testScripts.SampleOneTest" time="18.081" errors="0" timestamp="2023-08-18T04:48:20 GMT" skipped="0">
  <testcase classname="testScripts.SampleOneTest" name="searchCypressTest" time="18.081"/>
  <system-out/>
</testsuite> <!-- testScripts.SampleOneTest -->
