<?xml version="1.0" encoding="UTF-8"?>
<!-- Generated by org.testng.reporters.JUnitReportReporter -->
<testsuite hostname="EC2AMAZ-S11DBRH" failures="0" tests="2" name="testScripts.SampleFourTest" time="0.004" errors="0" timestamp="2023-08-17T07:40:45 GMT" skipped="0">
  <testcase classname="testScripts.SampleFourTest" name="testFour" time="0.002"/>
  <system-out/>
  <testcase classname="testScripts.SampleFourTest" name="testThree" time="0.002"/>
  <system-out/>
</testsuite> <!-- testScripts.SampleFourTest -->
