<?xml version="1.0" encoding="UTF-8"?>
<!-- Generated by org.testng.reporters.JUnitReportReporter -->
<testsuite hostname="EC2AMAZ-S11DBRH" failures="0" tests="9" name="parallelScripts.SampleTwoTest" time="0.169" errors="0" timestamp="2023-08-18T06:03:16 GMT" skipped="0">
  <testcase classname="parallelScripts.SampleTwoTest" name="testFour" time="0.034"/>
  <system-out/>
  <testcase classname="parallelScripts.SampleTwoTest" name="testOne" time="0.005"/>
  <system-out/>
  <testcase classname="parallelScripts.SampleTwoTest" name="testFour" time="0.040"/>
  <system-out/>
  <testcase classname="parallelScripts.SampleTwoTest" name="testTwo" time="0.001"/>
  <system-out/>
  <testcase classname="parallelScripts.SampleTwoTest" name="testFour" time="0.018"/>
  <system-out/>
  <testcase classname="parallelScripts.SampleTwoTest" name="testFour" time="0.009"/>
  <system-out/>
  <testcase classname="parallelScripts.SampleTwoTest" name="testThree" time="0.001"/>
  <system-out/>
  <testcase classname="parallelScripts.SampleTwoTest" name="testFour" time="0.052"/>
  <system-out/>
  <testcase classname="parallelScripts.SampleTwoTest" name="testFour" time="0.009"/>
  <system-out/>
</testsuite> <!-- parallelScripts.SampleTwoTest -->
