<?xml version="1.0" encoding="UTF-8"?>
<!-- Generated by org.testng.reporters.JUnitReportReporter -->
<testsuite hostname="EC2AMAZ-S11DBRH" failures="0" tests="1" name="testScripts.SampleOneTest" time="6.003" errors="0" timestamp="2023-08-17T06:11:53 GMT" skipped="0">
  <testcase classname="testScripts.SampleOneTest" name="searchCypressTest" time="6.003"/>
  <system-out/>
</testsuite> <!-- testScripts.SampleOneTest -->
