<?xml version="1.0" encoding="UTF-8"?>
<!-- Generated by org.testng.reporters.JUnitReportReporter -->
<testsuite hostname="EC2AMAZ-S11DBRH" failures="0" tests="2" name="testScripts.SampleThreeTest" time="0.024" errors="0" timestamp="2023-08-18T04:31:46 GMT" skipped="0">
  <testcase classname="testScripts.SampleThreeTest" name="testOne" time="0.021"/>
  <system-out/>
  <testcase classname="testScripts.SampleThreeTest" name="testTwo" time="0.003"/>
  <system-out/>
</testsuite> <!-- testScripts.SampleThreeTest -->
